{"/Users/Alumno/Documents/Jorge_pern/server-pern-profe-2/src/router.ts": {"path":"/Users/Alumno/Documents/Jorge_pern/server-pern-profe-2/src/router.ts","statementMap":{"0":{"start":{"line":1,"column":0},"end":{"line":1,"column":32}},"1":{"start":{"line":2,"column":0},"end":{"line":2,"column":131}},"2":{"start":{"line":3,"column":0},"end":{"line":3,"column":49}},"3":{"start":{"line":4,"column":0},"end":{"line":4,"column":47}},"4":{"start":{"line":6,"column":15},"end":{"line":6,"column":23}},"5":{"start":{"line":8,"column":0},"end":{"line":15,"column":null}},"6":{"start":{"line":14,"column":20},"end":{"line":14,"column":27}},"7":{"start":{"line":17,"column":0},"end":{"line":17,"column":null}},"8":{"start":{"line":19,"column":0},"end":{"line":21,"column":null}},"9":{"start":{"line":23,"column":0},"end":{"line":31,"column":null}},"10":{"start":{"line":30,"column":20},"end":{"line":30,"column":27}},"11":{"start":{"line":33,"column":0},"end":{"line":37,"column":null}},"12":{"start":{"line":38,"column":0},"end":{"line":42,"column":null}},"13":{"start":{"line":45,"column":0},"end":{"line":45,"column":null}}},"fnMap":{"0":{"name":"(anonymous_0)","decl":{"start":{"line":14,"column":12},"end":{"line":14,"column":17}},"loc":{"start":{"line":14,"column":20},"end":{"line":14,"column":27}}},"1":{"name":"(anonymous_1)","decl":{"start":{"line":30,"column":12},"end":{"line":30,"column":17}},"loc":{"start":{"line":30,"column":20},"end":{"line":30,"column":27}}}},"branchMap":{},"s":{"0":2,"1":2,"2":2,"3":2,"4":2,"5":2,"6":11,"7":2,"8":2,"9":2,"10":4,"11":2,"12":2,"13":2},"f":{"0":11,"1":4},"b":{}}
,"/Users/Alumno/Documents/Jorge_pern/server-pern-profe-2/src/server.ts": {"path":"/Users/Alumno/Documents/Jorge_pern/server-pern-profe-2/src/server.ts","statementMap":{"0":{"start":{"line":1,"column":0},"end":{"line":1,"column":30}},"1":{"start":{"line":2,"column":0},"end":{"line":2,"column":30}},"2":{"start":{"line":3,"column":0},"end":{"line":3,"column":29}},"3":{"start":{"line":4,"column":0},"end":{"line":4,"column":28}},"4":{"start":{"line":8,"column":4},"end":{"line":15,"column":5}},"5":{"start":{"line":9,"column":8},"end":{"line":9,"column":null}},"6":{"start":{"line":10,"column":8},"end":{"line":10,"column":null}},"7":{"start":{"line":11,"column":8},"end":{"line":11,"column":56}},"8":{"start":{"line":17,"column":0},"end":{"line":17,"column":null}},"9":{"start":{"line":19,"column":15},"end":{"line":19,"column":24}},"10":{"start":{"line":21,"column":0},"end":{"line":21,"column":null}},"11":{"start":{"line":23,"column":0},"end":{"line":23,"column":null}},"12":{"start":{"line":24,"column":0},"end":{"line":24,"column":null}}},"fnMap":{"0":{"name":"connectionDB","decl":{"start":{"line":7,"column":15},"end":{"line":7,"column":27}},"loc":{"start":{"line":7,"column":27},"end":{"line":16,"column":1}}}},"branchMap":{},"s":{"0":2,"1":2,"2":2,"3":2,"4":2,"5":2,"6":2,"7":2,"8":2,"9":2,"10":2,"11":2,"12":2},"f":{"0":2},"b":{}}
,"/Users/Alumno/Documents/Jorge_pern/server-pern-profe-2/src/config/db.ts": {"path":"/Users/Alumno/Documents/Jorge_pern/server-pern-profe-2/src/config/db.ts","statementMap":{"0":{"start":{"line":1,"column":0},"end":{"line":1,"column":49}},"1":{"start":{"line":2,"column":0},"end":{"line":2,"column":27}},"2":{"start":{"line":3,"column":0},"end":{"line":3,"column":null}},"3":{"start":{"line":4,"column":11},"end":{"line":7,"column":2}},"4":{"start":{"line":9,"column":0},"end":{"line":9,"column":null}}},"fnMap":{},"branchMap":{},"s":{"0":2,"1":2,"2":2,"3":2,"4":2},"f":{},"b":{}}
,"/Users/Alumno/Documents/Jorge_pern/server-pern-profe-2/src/handlers/product.ts": {"path":"/Users/Alumno/Documents/Jorge_pern/server-pern-profe-2/src/handlers/product.ts","statementMap":{"0":{"start":{"line":3,"column":0},"end":{"line":3,"column":44}},"1":{"start":{"line":6,"column":29},"end":{"line":15,"column":1}},"2":{"start":{"line":7,"column":2},"end":{"line":14,"column":3}},"3":{"start":{"line":8,"column":20},"end":{"line":8,"column":50}},"4":{"start":{"line":9,"column":4},"end":{"line":9,"column":41}},"5":{"start":{"line":6,"column":13},"end":{"line":6,"column":29}},"6":{"start":{"line":18,"column":30},"end":{"line":30,"column":1}},"7":{"start":{"line":19,"column":2},"end":{"line":29,"column":3}},"8":{"start":{"line":20,"column":21},"end":{"line":22,"column":6}},"9":{"start":{"line":24,"column":4},"end":{"line":24,"column":40}},"10":{"start":{"line":18,"column":13},"end":{"line":18,"column":30}},"11":{"start":{"line":33,"column":30},"end":{"line":50,"column":1}},"12":{"start":{"line":34,"column":2},"end":{"line":49,"column":3}},"13":{"start":{"line":35,"column":19},"end":{"line":35,"column":29}},"14":{"start":{"line":36,"column":20},"end":{"line":36,"column":46}},"15":{"start":{"line":38,"column":4},"end":{"line":41,"column":5}},"16":{"start":{"line":40,"column":6},"end":{"line":40,"column":71}},"17":{"start":{"line":44,"column":4},"end":{"line":44,"column":29}},"18":{"start":{"line":33,"column":13},"end":{"line":33,"column":30}},"19":{"start":{"line":53,"column":29},"end":{"line":71,"column":1}},"20":{"start":{"line":54,"column":2},"end":{"line":70,"column":3}},"21":{"start":{"line":55,"column":19},"end":{"line":55,"column":29}},"22":{"start":{"line":56,"column":20},"end":{"line":56,"column":46}},"23":{"start":{"line":58,"column":4},"end":{"line":60,"column":5}},"24":{"start":{"line":59,"column":6},"end":{"line":59,"column":71}},"25":{"start":{"line":62,"column":4},"end":{"line":62,"column":35}},"26":{"start":{"line":65,"column":4},"end":{"line":65,"column":29}},"27":{"start":{"line":53,"column":13},"end":{"line":53,"column":29}},"28":{"start":{"line":74,"column":34},"end":{"line":93,"column":1}},"29":{"start":{"line":75,"column":2},"end":{"line":92,"column":3}},"30":{"start":{"line":76,"column":19},"end":{"line":76,"column":29}},"31":{"start":{"line":77,"column":20},"end":{"line":77,"column":46}},"32":{"start":{"line":79,"column":4},"end":{"line":81,"column":5}},"33":{"start":{"line":80,"column":6},"end":{"line":80,"column":71}},"34":{"start":{"line":83,"column":4},"end":{"line":83,"column":49}},"35":{"start":{"line":84,"column":4},"end":{"line":84,"column":25}},"36":{"start":{"line":87,"column":4},"end":{"line":87,"column":29}},"37":{"start":{"line":74,"column":13},"end":{"line":74,"column":34}},"38":{"start":{"line":96,"column":29},"end":{"line":110,"column":1}},"39":{"start":{"line":97,"column":2},"end":{"line":109,"column":3}},"40":{"start":{"line":98,"column":19},"end":{"line":98,"column":29}},"41":{"start":{"line":99,"column":25},"end":{"line":99,"column":65}},"42":{"start":{"line":101,"column":4},"end":{"line":103,"column":5}},"43":{"start":{"line":102,"column":6},"end":{"line":102,"column":71}},"44":{"start":{"line":105,"column":4},"end":{"line":105,"column":69}},"45":{"start":{"line":96,"column":13},"end":{"line":96,"column":29}}},"fnMap":{"0":{"name":"(anonymous_1)","decl":{"start":{"line":6,"column":29},"end":{"line":6,"column":34}},"loc":{"start":{"line":6,"column":67},"end":{"line":15,"column":1}}},"1":{"name":"(anonymous_2)","decl":{"start":{"line":18,"column":30},"end":{"line":18,"column":35}},"loc":{"start":{"line":18,"column":69},"end":{"line":30,"column":1}}},"2":{"name":"(anonymous_3)","decl":{"start":{"line":33,"column":30},"end":{"line":33,"column":35}},"loc":{"start":{"line":33,"column":68},"end":{"line":50,"column":1}}},"3":{"name":"(anonymous_4)","decl":{"start":{"line":53,"column":29},"end":{"line":53,"column":34}},"loc":{"start":{"line":53,"column":67},"end":{"line":71,"column":1}}},"4":{"name":"(anonymous_5)","decl":{"start":{"line":74,"column":34},"end":{"line":74,"column":39}},"loc":{"start":{"line":74,"column":72},"end":{"line":93,"column":1}}},"5":{"name":"(anonymous_6)","decl":{"start":{"line":96,"column":29},"end":{"line":96,"column":34}},"loc":{"start":{"line":96,"column":67},"end":{"line":110,"column":1}}}},"branchMap":{"0":{"loc":{"start":{"line":38,"column":4},"end":{"line":41,"column":5}},"type":"if","locations":[{"start":{"line":38,"column":4},"end":{"line":41,"column":5}},{"start":{},"end":{}}]},"1":{"loc":{"start":{"line":58,"column":4},"end":{"line":60,"column":5}},"type":"if","locations":[{"start":{"line":58,"column":4},"end":{"line":60,"column":5}},{"start":{},"end":{}}]},"2":{"loc":{"start":{"line":79,"column":4},"end":{"line":81,"column":5}},"type":"if","locations":[{"start":{"line":79,"column":4},"end":{"line":81,"column":5}},{"start":{},"end":{}}]},"3":{"loc":{"start":{"line":101,"column":4},"end":{"line":103,"column":5}},"type":"if","locations":[{"start":{"line":101,"column":4},"end":{"line":103,"column":5}},{"start":{},"end":{}}]}},"s":{"0":2,"1":2,"2":7,"3":7,"4":7,"5":2,"6":2,"7":4,"8":4,"9":4,"10":2,"11":2,"12":2,"13":2,"14":2,"15":2,"16":1,"17":1,"18":2,"19":2,"20":2,"21":2,"22":2,"23":2,"24":1,"25":1,"26":1,"27":2,"28":2,"29":3,"30":3,"31":3,"32":3,"33":1,"34":2,"35":2,"36":2,"37":2,"38":2,"39":2,"40":2,"41":2,"42":2,"43":1,"44":1,"45":2},"f":{"0":7,"1":4,"2":2,"3":2,"4":3,"5":2},"b":{"0":[1,1],"1":[1,1],"2":[1,2],"3":[1,1]}}
,"/Users/Alumno/Documents/Jorge_pern/server-pern-profe-2/src/middleware/index.ts": {"path":"/Users/Alumno/Documents/Jorge_pern/server-pern-profe-2/src/middleware/index.ts","statementMap":{"0":{"start":{"line":2,"column":0},"end":{"line":2,"column":53}},"1":{"start":{"line":5,"column":33},"end":{"line":13,"column":1}},"2":{"start":{"line":6,"column":17},"end":{"line":6,"column":38}},"3":{"start":{"line":8,"column":2},"end":{"line":10,"column":3}},"4":{"start":{"line":9,"column":4},"end":{"line":9,"column":60}},"5":{"start":{"line":12,"column":2},"end":{"line":12,"column":9}},"6":{"start":{"line":5,"column":13},"end":{"line":5,"column":33}}},"fnMap":{"0":{"name":"(anonymous_0)","decl":{"start":{"line":5,"column":33},"end":{"line":5,"column":34}},"loc":{"start":{"line":5,"column":85},"end":{"line":13,"column":1}}}},"branchMap":{"0":{"loc":{"start":{"line":8,"column":2},"end":{"line":10,"column":3}},"type":"if","locations":[{"start":{"line":8,"column":2},"end":{"line":10,"column":3}},{"start":{},"end":{}}]}},"s":{"0":2,"1":2,"2":24,"3":24,"4":8,"5":16,"6":2},"f":{"0":24},"b":{"0":[8,16]}}
,"/Users/Alumno/Documents/Jorge_pern/server-pern-profe-2/src/models/Producto.mo.ts": {"path":"/Users/Alumno/Documents/Jorge_pern/server-pern-profe-2/src/models/Producto.mo.ts","statementMap":{"0":{"start":{"line":1,"column":0},"end":{"line":1,"column":73}},"1":{"start":{"line":6,"column":0},"end":{"line":22,"column":null}},"2":{"start":{"line":11,"column":12},"end":{"line":11,"column":null}},"3":{"start":{"line":16,"column":12},"end":{"line":16,"column":null}},"4":{"start":{"line":21,"column":12},"end":{"line":21,"column":null}},"5":{"start":{"line":6,"column":6},"end":{"line":22,"column":null}},"6":{"start":{"line":24,"column":0},"end":{"line":24,"column":null}}},"fnMap":{},"branchMap":{},"s":{"0":2,"1":2,"2":2,"3":2,"4":2,"5":2,"6":2},"f":{},"b":{}}
}
