{"/Users/dust/Documents/Programacion/12_cuatrimestre/Sistemas_abiertos_III/pernnn/server-pern-profe-2/src/router.ts": {"path":"/Users/dust/Documents/Programacion/12_cuatrimestre/Sistemas_abiertos_III/pernnn/server-pern-profe-2/src/router.ts","statementMap":{"0":{"start":{"line":1,"column":0},"end":{"line":1,"column":32}},"1":{"start":{"line":2,"column":0},"end":{"line":2,"column":131}},"2":{"start":{"line":3,"column":0},"end":{"line":3,"column":49}},"3":{"start":{"line":4,"column":0},"end":{"line":4,"column":47}},"4":{"start":{"line":6,"column":15},"end":{"line":6,"column":23}},"5":{"start":{"line":8,"column":0},"end":{"line":15,"column":null}},"6":{"start":{"line":14,"column":20},"end":{"line":14,"column":27}},"7":{"start":{"line":17,"column":0},"end":{"line":17,"column":null}},"8":{"start":{"line":19,"column":0},"end":{"line":21,"column":null}},"9":{"start":{"line":23,"column":0},"end":{"line":31,"column":null}},"10":{"start":{"line":30,"column":20},"end":{"line":30,"column":27}},"11":{"start":{"line":33,"column":0},"end":{"line":37,"column":null}},"12":{"start":{"line":38,"column":0},"end":{"line":42,"column":null}},"13":{"start":{"line":45,"column":0},"end":{"line":45,"column":null}}},"fnMap":{"0":{"name":"(anonymous_0)","decl":{"start":{"line":14,"column":12},"end":{"line":14,"column":17}},"loc":{"start":{"line":14,"column":20},"end":{"line":14,"column":27}}},"1":{"name":"(anonymous_1)","decl":{"start":{"line":30,"column":12},"end":{"line":30,"column":17}},"loc":{"start":{"line":30,"column":20},"end":{"line":30,"column":27}}}},"branchMap":{},"s":{"0":2,"1":2,"2":2,"3":2,"4":2,"5":2,"6":11,"7":2,"8":2,"9":2,"10":4,"11":2,"12":2,"13":2},"f":{"0":11,"1":4},"b":{}}
,"/Users/dust/Documents/Programacion/12_cuatrimestre/Sistemas_abiertos_III/pernnn/server-pern-profe-2/src/server.ts": {"path":"/Users/dust/Documents/Programacion/12_cuatrimestre/Sistemas_abiertos_III/pernnn/server-pern-profe-2/src/server.ts","statementMap":{"0":{"start":{"line":1,"column":0},"end":{"line":1,"column":30}},"1":{"start":{"line":2,"column":0},"end":{"line":2,"column":30}},"2":{"start":{"line":3,"column":0},"end":{"line":3,"column":29}},"3":{"start":{"line":4,"column":0},"end":{"line":4,"column":28}},"4":{"start":{"line":8,"column":4},"end":{"line":15,"column":5}},"5":{"start":{"line":9,"column":8},"end":{"line":9,"column":null}},"6":{"start":{"line":10,"column":8},"end":{"line":10,"column":null}},"7":{"start":{"line":11,"column":8},"end":{"line":11,"column":56}},"8":{"start":{"line":14,"column":8},"end":{"line":14,"column":74}},"9":{"start":{"line":17,"column":0},"end":{"line":17,"column":null}},"10":{"start":{"line":19,"column":15},"end":{"line":19,"column":24}},"11":{"start":{"line":21,"column":0},"end":{"line":21,"column":null}},"12":{"start":{"line":23,"column":0},"end":{"line":23,"column":null}},"13":{"start":{"line":24,"column":0},"end":{"line":24,"column":null}}},"fnMap":{"0":{"name":"connectionDB","decl":{"start":{"line":7,"column":15},"end":{"line":7,"column":27}},"loc":{"start":{"line":7,"column":27},"end":{"line":16,"column":1}}}},"branchMap":{},"s":{"0":2,"1":2,"2":2,"3":2,"4":2,"5":2,"6":2,"7":2,"8":0,"9":2,"10":2,"11":2,"12":2,"13":2},"f":{"0":2},"b":{}}
,"/Users/dust/Documents/Programacion/12_cuatrimestre/Sistemas_abiertos_III/pernnn/server-pern-profe-2/src/config/db.ts": {"path":"/Users/dust/Documents/Programacion/12_cuatrimestre/Sistemas_abiertos_III/pernnn/server-pern-profe-2/src/config/db.ts","statementMap":{"0":{"start":{"line":1,"column":0},"end":{"line":1,"column":49}},"1":{"start":{"line":2,"column":0},"end":{"line":2,"column":27}},"2":{"start":{"line":3,"column":0},"end":{"line":3,"column":null}},"3":{"start":{"line":4,"column":11},"end":{"line":7,"column":2}},"4":{"start":{"line":9,"column":0},"end":{"line":9,"column":null}}},"fnMap":{},"branchMap":{},"s":{"0":2,"1":2,"2":2,"3":2,"4":2},"f":{},"b":{}}
,"/Users/dust/Documents/Programacion/12_cuatrimestre/Sistemas_abiertos_III/pernnn/server-pern-profe-2/src/handlers/product.ts": {"path":"/Users/dust/Documents/Programacion/12_cuatrimestre/Sistemas_abiertos_III/pernnn/server-pern-profe-2/src/handlers/product.ts","statementMap":{"0":{"start":{"line":3,"column":0},"end":{"line":3,"column":44}},"1":{"start":{"line":6,"column":29},"end":{"line":14,"column":1}},"2":{"start":{"line":7,"column":2},"end":{"line":13,"column":3}},"3":{"start":{"line":8,"column":20},"end":{"line":8,"column":50}},"4":{"start":{"line":9,"column":4},"end":{"line":9,"column":41}},"5":{"start":{"line":11,"column":4},"end":{"line":11,"column":25}},"6":{"start":{"line":12,"column":4},"end":{"line":12,"column":70}},"7":{"start":{"line":6,"column":13},"end":{"line":6,"column":29}},"8":{"start":{"line":17,"column":30},"end":{"line":28,"column":1}},"9":{"start":{"line":18,"column":2},"end":{"line":27,"column":3}},"10":{"start":{"line":19,"column":21},"end":{"line":21,"column":6}},"11":{"start":{"line":23,"column":4},"end":{"line":23,"column":40}},"12":{"start":{"line":25,"column":4},"end":{"line":25,"column":25}},"13":{"start":{"line":26,"column":4},"end":{"line":26,"column":73}},"14":{"start":{"line":17,"column":13},"end":{"line":17,"column":30}},"15":{"start":{"line":31,"column":30},"end":{"line":47,"column":1}},"16":{"start":{"line":32,"column":2},"end":{"line":46,"column":3}},"17":{"start":{"line":33,"column":19},"end":{"line":33,"column":29}},"18":{"start":{"line":34,"column":20},"end":{"line":34,"column":46}},"19":{"start":{"line":36,"column":4},"end":{"line":39,"column":5}},"20":{"start":{"line":38,"column":6},"end":{"line":38,"column":71}},"21":{"start":{"line":42,"column":4},"end":{"line":42,"column":29}},"22":{"start":{"line":44,"column":4},"end":{"line":44,"column":25}},"23":{"start":{"line":45,"column":4},"end":{"line":45,"column":72}},"24":{"start":{"line":31,"column":13},"end":{"line":31,"column":30}},"25":{"start":{"line":50,"column":29},"end":{"line":67,"column":1}},"26":{"start":{"line":51,"column":2},"end":{"line":66,"column":3}},"27":{"start":{"line":52,"column":19},"end":{"line":52,"column":29}},"28":{"start":{"line":53,"column":20},"end":{"line":53,"column":46}},"29":{"start":{"line":55,"column":4},"end":{"line":57,"column":5}},"30":{"start":{"line":56,"column":6},"end":{"line":56,"column":71}},"31":{"start":{"line":59,"column":4},"end":{"line":59,"column":35}},"32":{"start":{"line":62,"column":4},"end":{"line":62,"column":29}},"33":{"start":{"line":64,"column":4},"end":{"line":64,"column":25}},"34":{"start":{"line":65,"column":4},"end":{"line":65,"column":75}},"35":{"start":{"line":50,"column":13},"end":{"line":50,"column":29}},"36":{"start":{"line":70,"column":34},"end":{"line":88,"column":1}},"37":{"start":{"line":71,"column":2},"end":{"line":87,"column":3}},"38":{"start":{"line":72,"column":19},"end":{"line":72,"column":29}},"39":{"start":{"line":73,"column":20},"end":{"line":73,"column":46}},"40":{"start":{"line":75,"column":4},"end":{"line":77,"column":5}},"41":{"start":{"line":76,"column":6},"end":{"line":76,"column":71}},"42":{"start":{"line":79,"column":4},"end":{"line":79,"column":49}},"43":{"start":{"line":80,"column":4},"end":{"line":80,"column":25}},"44":{"start":{"line":83,"column":4},"end":{"line":83,"column":29}},"45":{"start":{"line":85,"column":4},"end":{"line":85,"column":25}},"46":{"start":{"line":86,"column":4},"end":{"line":86,"column":79}},"47":{"start":{"line":70,"column":13},"end":{"line":70,"column":34}},"48":{"start":{"line":91,"column":29},"end":{"line":105,"column":1}},"49":{"start":{"line":92,"column":2},"end":{"line":104,"column":3}},"50":{"start":{"line":93,"column":19},"end":{"line":93,"column":29}},"51":{"start":{"line":94,"column":25},"end":{"line":94,"column":65}},"52":{"start":{"line":96,"column":4},"end":{"line":98,"column":5}},"53":{"start":{"line":97,"column":6},"end":{"line":97,"column":71}},"54":{"start":{"line":100,"column":4},"end":{"line":100,"column":69}},"55":{"start":{"line":102,"column":4},"end":{"line":102,"column":25}},"56":{"start":{"line":103,"column":4},"end":{"line":103,"column":73}},"57":{"start":{"line":91,"column":13},"end":{"line":91,"column":29}}},"fnMap":{"0":{"name":"(anonymous_1)","decl":{"start":{"line":6,"column":29},"end":{"line":6,"column":34}},"loc":{"start":{"line":6,"column":67},"end":{"line":14,"column":1}}},"1":{"name":"(anonymous_2)","decl":{"start":{"line":17,"column":30},"end":{"line":17,"column":35}},"loc":{"start":{"line":17,"column":69},"end":{"line":28,"column":1}}},"2":{"name":"(anonymous_3)","decl":{"start":{"line":31,"column":30},"end":{"line":31,"column":35}},"loc":{"start":{"line":31,"column":68},"end":{"line":47,"column":1}}},"3":{"name":"(anonymous_4)","decl":{"start":{"line":50,"column":29},"end":{"line":50,"column":34}},"loc":{"start":{"line":50,"column":67},"end":{"line":67,"column":1}}},"4":{"name":"(anonymous_5)","decl":{"start":{"line":70,"column":34},"end":{"line":70,"column":39}},"loc":{"start":{"line":70,"column":72},"end":{"line":88,"column":1}}},"5":{"name":"(anonymous_6)","decl":{"start":{"line":91,"column":29},"end":{"line":91,"column":34}},"loc":{"start":{"line":91,"column":67},"end":{"line":105,"column":1}}}},"branchMap":{"0":{"loc":{"start":{"line":36,"column":4},"end":{"line":39,"column":5}},"type":"if","locations":[{"start":{"line":36,"column":4},"end":{"line":39,"column":5}},{"start":{},"end":{}}]},"1":{"loc":{"start":{"line":55,"column":4},"end":{"line":57,"column":5}},"type":"if","locations":[{"start":{"line":55,"column":4},"end":{"line":57,"column":5}},{"start":{},"end":{}}]},"2":{"loc":{"start":{"line":75,"column":4},"end":{"line":77,"column":5}},"type":"if","locations":[{"start":{"line":75,"column":4},"end":{"line":77,"column":5}},{"start":{},"end":{}}]},"3":{"loc":{"start":{"line":96,"column":4},"end":{"line":98,"column":5}},"type":"if","locations":[{"start":{"line":96,"column":4},"end":{"line":98,"column":5}},{"start":{},"end":{}}]}},"s":{"0":2,"1":2,"2":7,"3":7,"4":7,"5":0,"6":0,"7":2,"8":2,"9":4,"10":4,"11":4,"12":0,"13":0,"14":2,"15":2,"16":2,"17":2,"18":2,"19":2,"20":1,"21":1,"22":0,"23":0,"24":2,"25":2,"26":2,"27":2,"28":2,"29":2,"30":1,"31":1,"32":1,"33":0,"34":0,"35":2,"36":2,"37":3,"38":3,"39":3,"40":3,"41":1,"42":2,"43":2,"44":2,"45":0,"46":0,"47":2,"48":2,"49":2,"50":2,"51":2,"52":2,"53":1,"54":1,"55":0,"56":0,"57":2},"f":{"0":7,"1":4,"2":2,"3":2,"4":3,"5":2},"b":{"0":[1,1],"1":[1,1],"2":[1,2],"3":[1,1]}}
,"/Users/dust/Documents/Programacion/12_cuatrimestre/Sistemas_abiertos_III/pernnn/server-pern-profe-2/src/middleware/index.ts": {"path":"/Users/dust/Documents/Programacion/12_cuatrimestre/Sistemas_abiertos_III/pernnn/server-pern-profe-2/src/middleware/index.ts","statementMap":{"0":{"start":{"line":2,"column":0},"end":{"line":2,"column":53}},"1":{"start":{"line":5,"column":33},"end":{"line":13,"column":1}},"2":{"start":{"line":6,"column":17},"end":{"line":6,"column":38}},"3":{"start":{"line":8,"column":2},"end":{"line":10,"column":3}},"4":{"start":{"line":9,"column":4},"end":{"line":9,"column":60}},"5":{"start":{"line":12,"column":2},"end":{"line":12,"column":9}},"6":{"start":{"line":5,"column":13},"end":{"line":5,"column":33}}},"fnMap":{"0":{"name":"(anonymous_0)","decl":{"start":{"line":5,"column":33},"end":{"line":5,"column":34}},"loc":{"start":{"line":5,"column":85},"end":{"line":13,"column":1}}}},"branchMap":{"0":{"loc":{"start":{"line":8,"column":2},"end":{"line":10,"column":3}},"type":"if","locations":[{"start":{"line":8,"column":2},"end":{"line":10,"column":3}},{"start":{},"end":{}}]}},"s":{"0":2,"1":2,"2":24,"3":24,"4":8,"5":16,"6":2},"f":{"0":24},"b":{"0":[8,16]}}
,"/Users/dust/Documents/Programacion/12_cuatrimestre/Sistemas_abiertos_III/pernnn/server-pern-profe-2/src/models/Producto.mo.ts": {"path":"/Users/dust/Documents/Programacion/12_cuatrimestre/Sistemas_abiertos_III/pernnn/server-pern-profe-2/src/models/Producto.mo.ts","statementMap":{"0":{"start":{"line":1,"column":0},"end":{"line":1,"column":73}},"1":{"start":{"line":6,"column":0},"end":{"line":22,"column":null}},"2":{"start":{"line":11,"column":12},"end":{"line":11,"column":null}},"3":{"start":{"line":16,"column":12},"end":{"line":16,"column":null}},"4":{"start":{"line":21,"column":12},"end":{"line":21,"column":null}},"5":{"start":{"line":6,"column":6},"end":{"line":22,"column":null}},"6":{"start":{"line":24,"column":0},"end":{"line":24,"column":null}}},"fnMap":{},"branchMap":{},"s":{"0":2,"1":2,"2":2,"3":2,"4":2,"5":2,"6":2},"f":{},"b":{}}
}
