TN:
SF:src/router.ts
FN:14,(anonymous_0)
FN:30,(anonymous_1)
FNF:2
FNH:2
FNDA:11,(anonymous_0)
FNDA:4,(anonymous_1)
DA:1,2
DA:2,2
DA:3,2
DA:4,2
DA:6,2
DA:8,2
DA:14,11
DA:17,2
DA:19,2
DA:23,2
DA:30,4
DA:33,2
DA:38,2
DA:45,2
LF:14
LH:14
BRF:0
BRH:0
end_of_record
TN:
SF:src/server.ts
FN:7,connectionDB
FNF:1
FNH:1
FNDA:2,connectionDB
DA:1,2
DA:2,2
DA:3,2
DA:4,2
DA:8,2
DA:9,2
DA:10,2
DA:11,2
DA:14,0
DA:17,2
DA:19,2
DA:21,2
DA:23,2
DA:24,2
LF:14
LH:13
BRF:0
BRH:0
end_of_record
TN:
SF:src/config/db.ts
FNF:0
FNH:0
DA:1,2
DA:2,2
DA:3,2
DA:4,2
DA:9,2
LF:5
LH:5
BRF:0
BRH:0
end_of_record
TN:
SF:src/handlers/product.ts
FN:6,(anonymous_1)
FN:17,(anonymous_2)
FN:31,(anonymous_3)
FN:50,(anonymous_4)
FN:70,(anonymous_5)
FN:91,(anonymous_6)
FNF:6
FNH:6
FNDA:7,(anonymous_1)
FNDA:4,(anonymous_2)
FNDA:2,(anonymous_3)
FNDA:2,(anonymous_4)
FNDA:3,(anonymous_5)
FNDA:2,(anonymous_6)
DA:3,2
DA:6,2
DA:7,7
DA:8,7
DA:9,7
DA:11,0
DA:12,0
DA:17,2
DA:18,4
DA:19,4
DA:23,4
DA:25,0
DA:26,0
DA:31,2
DA:32,2
DA:33,2
DA:34,2
DA:36,2
DA:38,1
DA:42,1
DA:44,0
DA:45,0
DA:50,2
DA:51,2
DA:52,2
DA:53,2
DA:55,2
DA:56,1
DA:59,1
DA:62,1
DA:64,0
DA:65,0
DA:70,2
DA:71,3
DA:72,3
DA:73,3
DA:75,3
DA:76,1
DA:79,2
DA:80,2
DA:83,2
DA:85,0
DA:86,0
DA:91,2
DA:92,2
DA:93,2
DA:94,2
DA:96,2
DA:97,1
DA:100,1
DA:102,0
DA:103,0
LF:52
LH:40
BRDA:36,0,0,1
BRDA:36,0,1,1
BRDA:55,1,0,1
BRDA:55,1,1,1
BRDA:75,2,0,1
BRDA:75,2,1,2
BRDA:96,3,0,1
BRDA:96,3,1,1
BRF:8
BRH:8
end_of_record
TN:
SF:src/middleware/index.ts
FN:5,(anonymous_0)
FNF:1
FNH:1
FNDA:24,(anonymous_0)
DA:2,2
DA:5,2
DA:6,24
DA:8,24
DA:9,8
DA:12,16
LF:6
LH:6
BRDA:8,0,0,8
BRDA:8,0,1,16
BRF:2
BRH:2
end_of_record
TN:
SF:src/models/Producto.mo.ts
FNF:0
FNH:0
DA:1,2
DA:6,2
DA:11,2
DA:16,2
DA:21,2
DA:24,2
LF:6
LH:6
BRF:0
BRH:0
end_of_record
