TN:
SF:src/router.ts
FN:14,(anonymous_0)
FN:30,(anonymous_1)
FNF:2
FNH:2
FNDA:11,(anonymous_0)
FNDA:1,(anonymous_1)
DA:1,2
DA:2,2
DA:3,2
DA:4,2
DA:6,2
DA:8,2
DA:14,11
DA:17,2
DA:19,2
DA:23,2
DA:30,1
DA:33,2
DA:38,2
DA:45,2
LF:14
LH:14
BRF:0
BRH:0
end_of_record
TN:
SF:src/server.ts
FN:7,connectionDB
FNF:1
FNH:1
FNDA:3,connectionDB
DA:1,2
DA:2,2
DA:3,2
DA:4,2
DA:7,2
DA:8,3
DA:9,3
DA:10,2
DA:11,2
DA:13,1
DA:16,2
DA:18,2
DA:20,2
DA:22,2
DA:23,2
LF:15
LH:15
BRF:0
BRH:0
end_of_record
TN:
SF:src/config/db.ts
FNF:0
FNH:0
DA:1,2
DA:2,2
DA:3,2
DA:4,2
DA:9,2
LF:5
LH:5
BRF:0
BRH:0
end_of_record
TN:
SF:src/handlers/product.ts
FN:8,(anonymous_1)
FN:20,(anonymous_2)
FN:35,(anonymous_3)
FN:55,(anonymous_4)
FN:76,(anonymous_5)
FN:98,(anonymous_6)
FNF:6
FNH:0
FNDA:0,(anonymous_1)
FNDA:0,(anonymous_2)
FNDA:0,(anonymous_3)
FNDA:0,(anonymous_4)
FNDA:0,(anonymous_5)
FNDA:0,(anonymous_6)
DA:3,2
DA:8,2
DA:9,0
DA:10,0
DA:11,0
DA:14,0
DA:20,2
DA:21,0
DA:22,0
DA:26,0
DA:29,0
DA:35,2
DA:36,0
DA:37,0
DA:38,0
DA:40,0
DA:42,0
DA:46,0
DA:49,0
DA:55,2
DA:56,0
DA:57,0
DA:58,0
DA:60,0
DA:61,0
DA:64,0
DA:67,0
DA:70,0
DA:76,2
DA:77,0
DA:78,0
DA:79,0
DA:81,0
DA:82,0
DA:85,0
DA:86,0
DA:89,0
DA:92,0
DA:98,2
DA:99,0
DA:100,0
DA:101,0
DA:103,0
DA:104,0
DA:107,0
DA:109,0
LF:46
LH:7
BRDA:40,0,0,0
BRDA:40,0,1,0
BRDA:60,1,0,0
BRDA:60,1,1,0
BRDA:81,2,0,0
BRDA:81,2,1,0
BRDA:103,3,0,0
BRDA:103,3,1,0
BRF:8
BRH:0
end_of_record
TN:
SF:src/middleware/index.ts
FN:5,(anonymous_0)
FNF:1
FNH:1
FNDA:17,(anonymous_0)
DA:2,2
DA:5,2
DA:6,17
DA:8,17
DA:9,6
DA:12,11
LF:6
LH:6
BRDA:8,0,0,6
BRDA:8,0,1,11
BRF:2
BRH:2
end_of_record
TN:
SF:src/models/Producto.mo.ts
FNF:0
FNH:0
DA:1,4
DA:6,4
DA:11,4
DA:16,4
DA:21,4
DA:24,4
LF:6
LH:6
BRF:0
BRH:0
end_of_record
